<?xml version="1.0" encoding="UTF-8"?>
<!-- Generated by org.testng.reporters.JUnitReportReporter -->
<testsuite skipped="0" hostname="DESKTOP-U5JPDRA" name="RestAssured.AssuredDemo" tests="1" failures="0" timestamp="18 Sep 2019 01:46:03 GMT" time="2.751" errors="0">
  <testcase name="assuredDemo" time="2.751" classname="RestAssured.AssuredDemo"/>
</testsuite> <!-- RestAssured.AssuredDemo -->
