<?xml version="1.0" encoding="UTF-8"?>
<!-- Generated by org.testng.reporters.JUnitReportReporter -->
<testsuite skipped="0" hostname="DESKTOP-U5JPDRA" name="RestAssured.DeleteRequest" tests="1" failures="0" timestamp="18 Sep 2019 03:11:40 GMT" time="2.944" errors="0">
  <testcase name="deleteRequest" time="2.944" classname="RestAssured.DeleteRequest"/>
</testsuite> <!-- RestAssured.DeleteRequest -->
