<?xml version="1.0" encoding="UTF-8"?>
<!-- Generated by org.testng.reporters.JUnitReportReporter -->
<testsuite skipped="0" hostname="DESKTOP-U5JPDRA" name="BDDValidation.BDDValidation" tests="1" failures="0" timestamp="18 Sep 2019 07:22:59 GMT" time="3.247" errors="0">
  <testcase name="equalToFunctionArrayObject" time="3.247" classname="BDDValidation.BDDValidation"/>
</testsuite> <!-- BDDValidation.BDDValidation -->
