<?xml version="1.0" encoding="UTF-8"?>
<!-- Generated by org.testng.reporters.JUnitReportReporter -->
<testsuite skipped="0" hostname="DESKTOP-U5JPDRA" name="RestAssured.PutRequest" tests="1" failures="0" timestamp="18 Sep 2019 02:57:44 GMT" time="2.910" errors="0">
  <testcase name="putRequest" time="2.910" classname="RestAssured.PutRequest"/>
</testsuite> <!-- RestAssured.PutRequest -->
