<?xml version="1.0" encoding="UTF-8"?>
<!-- Generated by org.testng.reporters.JUnitReportReporter -->
<testsuite skipped="0" hostname="DESKTOP-U5JPDRA" name="BDDValidation.BDDValidation" tests="1" failures="0" timestamp="18 Dec 2019 02:47:42 GMT" time="1.667" errors="0">
  <testcase name="equalToFunctionArrayObject" time="1.667" classname="BDDValidation.BDDValidation"/>
</testsuite> <!-- BDDValidation.BDDValidation -->
