<?xml version="1.0" encoding="UTF-8"?>
<!-- Generated by org.testng.reporters.JUnitReportReporter -->
<testsuite skipped="0" hostname="DESKTOP-U5JPDRA" name="RestAssured.GetRequest" tests="1" failures="0" timestamp="18 Dec 2019 02:47:42 GMT" time="4.565" errors="0">
  <testcase name="assuredDemo" time="4.565" classname="RestAssured.GetRequest"/>
</testsuite> <!-- RestAssured.GetRequest -->
