<?xml version="1.0" encoding="UTF-8"?>
<!-- Generated by org.testng.reporters.JUnitReportReporter -->
<testsuite skipped="0" hostname="DESKTOP-U5JPDRA" name="RestAssured.PostRequest" tests="1" failures="0" timestamp="18 Dec 2019 02:47:42 GMT" time="0.665" errors="0">
  <testcase name="postRequest" time="0.665" classname="RestAssured.PostRequest"/>
</testsuite> <!-- RestAssured.PostRequest -->
