<?xml version="1.0" encoding="UTF-8"?>
<!-- Generated by org.testng.reporters.JUnitReportReporter -->
<testsuite skipped="0" hostname="DESKTOP-U5JPDRA" name="RestAssured.PutRequest" tests="1" failures="0" timestamp="18 Dec 2019 02:47:42 GMT" time="0.589" errors="0">
  <testcase name="putRequest" time="0.589" classname="RestAssured.PutRequest"/>
</testsuite> <!-- RestAssured.PutRequest -->
