<?xml version="1.0" encoding="UTF-8"?>
<!-- Generated by org.testng.reporters.JUnitReportReporter -->
<testsuite skipped="0" hostname="DESKTOP-U5JPDRA" name="RestAssured.DeleteRequest" tests="1" failures="0" timestamp="18 Dec 2019 02:47:42 GMT" time="0.596" errors="0">
  <testcase name="deleteRequest" time="0.596" classname="RestAssured.DeleteRequest"/>
</testsuite> <!-- RestAssured.DeleteRequest -->
